"../../../Engine/Content/EditorBlueprintResources/StandardMacros.uasset" 0
"X:/devSpace/unrealProjects/HomeAlone/HomeAlone/Content/PlayerCharecter/Player.uasset" 1
"X:/devSpace/unrealProjects/HomeAlone/HomeAlone/Content/PlayerCharecter/Base.uasset" 2
"X:/devSpace/unrealProjects/HomeAlone/HomeAlone/Content/RefrenceBluePrints/FirstPersonCharacterOriginal.uasset" 3
"X:/devSpace/unrealProjects/HomeAlone/HomeAlone/Content/StarterContent/Materials/M_Basic_Wall.uasset" 4
"X:/devSpace/unrealProjects/HomeAlone/HomeAlone/Content/StarterContent/Architecture/Pillar_50x500.uasset" 5
"X:/devSpace/unrealProjects/HomeAlone/HomeAlone/Content/StarterContent/Architecture/Wall_400x300.uasset" 6
"X:/devSpace/unrealProjects/HomeAlone/HomeAlone/Content/StarterContent/Architecture/Wall_500x500.uasset" 7
"X:/devSpace/unrealProjects/HomeAlone/HomeAlone/Content/StarterContent/Architecture/Wall_Door_400x400.uasset" 8
"X:/devSpace/unrealProjects/HomeAlone/HomeAlone/Content/StarterContent/Architecture/Wall_Window_400x400.uasset" 9
"X:/devSpace/unrealProjects/HomeAlone/HomeAlone/Content/StarterContent/Audio/Collapse01.uasset" 10
"X:/devSpace/unrealProjects/HomeAlone/HomeAlone/Content/StarterContent/Audio/Collapse02.uasset" 11
"X:/devSpace/unrealProjects/HomeAlone/HomeAlone/Content/StarterContent/Audio/Explosion01.uasset" 12
"X:/devSpace/unrealProjects/HomeAlone/HomeAlone/Content/StarterContent/Audio/Explosion02.uasset" 13
"X:/devSpace/unrealProjects/HomeAlone/HomeAlone/Content/StarterContent/Audio/Fire01.uasset" 14
"X:/devSpace/unrealProjects/HomeAlone/HomeAlone/Content/StarterContent/Audio/Fire_Sparks01.uasset" 15
"X:/devSpace/unrealProjects/HomeAlone/HomeAlone/Content/StarterContent/Audio/Light01.uasset" 16
"X:/devSpace/unrealProjects/HomeAlone/HomeAlone/Content/StarterContent/Audio/Light01_Cue.uasset" 17
"X:/devSpace/unrealProjects/HomeAlone/HomeAlone/Content/StarterContent/Audio/Light02.uasset" 18
"X:/devSpace/unrealProjects/HomeAlone/HomeAlone/Content/StarterContent/Audio/Light02_Cue.uasset" 19
"X:/devSpace/unrealProjects/HomeAlone/HomeAlone/Content/StarterContent/Audio/Smoke01.uasset" 20
"X:/devSpace/unrealProjects/HomeAlone/HomeAlone/Content/StarterContent/Audio/Starter_Birds01.uasset" 21
"X:/devSpace/unrealProjects/HomeAlone/HomeAlone/Content/StarterContent/Audio/Starter_Music01.uasset" 22
"X:/devSpace/unrealProjects/HomeAlone/HomeAlone/Content/StarterContent/Audio/Starter_Wind05.uasset" 23
"X:/devSpace/unrealProjects/HomeAlone/HomeAlone/Content/StarterContent/Audio/Starter_Wind06.uasset" 24
"X:/devSpace/unrealProjects/HomeAlone/HomeAlone/Content/StarterContent/Audio/Steam01.uasset" 25
"X:/devSpace/unrealProjects/HomeAlone/HomeAlone/Content/StarterContent/Audio/Explosion_Cue.uasset" 26
"X:/devSpace/unrealProjects/HomeAlone/HomeAlone/Content/StarterContent/Textures/T_Burst_M.uasset" 27
"X:/devSpace/unrealProjects/HomeAlone/HomeAlone/Content/StarterContent/Particles/Materials/M_Burst.uasset" 28
"X:/devSpace/unrealProjects/HomeAlone/HomeAlone/Content/StarterContent/Textures/T_Explosion_SubUV.uasset" 29
"X:/devSpace/unrealProjects/HomeAlone/HomeAlone/Content/StarterContent/Particles/Materials/M_explosion_subUV.uasset" 30
"X:/devSpace/unrealProjects/HomeAlone/HomeAlone/Content/StarterContent/Particles/Materials/m_flare_01.uasset" 31
"../../../Engine/Content/Functions/Engine_MaterialFunctions01/Gradient/RadialGradient.uasset" 32
"X:/devSpace/unrealProjects/HomeAlone/HomeAlone/Content/StarterContent/Particles/Materials/M_radial_ramp.uasset" 33
"X:/devSpace/unrealProjects/HomeAlone/HomeAlone/Content/StarterContent/Textures/T_Smoke_SubUV.uasset" 34
"X:/devSpace/unrealProjects/HomeAlone/HomeAlone/Content/StarterContent/Textures/T_Smoke_Tiled_D.uasset" 35
"X:/devSpace/unrealProjects/HomeAlone/HomeAlone/Content/StarterContent/Particles/Materials/M_smoke_subUV.uasset" 36
"X:/devSpace/unrealProjects/HomeAlone/HomeAlone/Content/StarterContent/Particles/P_Explosion.uasset" 37
"X:/devSpace/unrealProjects/HomeAlone/HomeAlone/Content/StarterContent/Blueprints/Blueprint_Effect_Explosion.uasset" 38
"../../../Engine/Content/EditorMeshes/ColorCalibrator/T_ColorGrid.uasset" 39
"X:/devSpace/unrealProjects/HomeAlone/HomeAlone/Content/StarterContent/Materials/M_ColorGrid_LowSpec.uasset" 40
"X:/devSpace/unrealProjects/HomeAlone/HomeAlone/Content/StarterContent/Textures/T_Bush_D.uasset" 41
"X:/devSpace/unrealProjects/HomeAlone/HomeAlone/Content/StarterContent/Textures/T_Bush_N.uasset" 42
"X:/devSpace/unrealProjects/HomeAlone/HomeAlone/Content/StarterContent/Props/Materials/M_Bush.uasset" 43
"X:/devSpace/unrealProjects/HomeAlone/HomeAlone/Content/StarterContent/Props/SM_Bush.uasset" 44
"X:/devSpace/unrealProjects/HomeAlone/HomeAlone/Content/StarterContent/Textures/T_Chair_M.uasset" 45
"X:/devSpace/unrealProjects/HomeAlone/HomeAlone/Content/StarterContent/Textures/T_Chair_N.uasset" 46
"X:/devSpace/unrealProjects/HomeAlone/HomeAlone/Content/StarterContent/Props/Materials/M_Chair.uasset" 47
"X:/devSpace/unrealProjects/HomeAlone/HomeAlone/Content/StarterContent/Props/SM_Couch.uasset" 48
"X:/devSpace/unrealProjects/HomeAlone/HomeAlone/Content/StarterContent/Materials/M_Glass.uasset" 49
"X:/devSpace/unrealProjects/HomeAlone/HomeAlone/Content/StarterContent/Textures/T_Door_M.uasset" 50
"X:/devSpace/unrealProjects/HomeAlone/HomeAlone/Content/StarterContent/Textures/T_Door_N.uasset" 51
"X:/devSpace/unrealProjects/HomeAlone/HomeAlone/Content/StarterContent/Props/Materials/M_Door.uasset" 52
"X:/devSpace/unrealProjects/HomeAlone/HomeAlone/Content/StarterContent/Props/SM_Door.uasset" 53
"X:/devSpace/unrealProjects/HomeAlone/HomeAlone/Content/StarterContent/Props/Materials/M_MaterialSphere.uasset" 54
"X:/devSpace/unrealProjects/HomeAlone/HomeAlone/Content/StarterContent/Props/Materials/M_MaterialSphere_Plain.uasset" 55
"X:/devSpace/unrealProjects/HomeAlone/HomeAlone/Content/StarterContent/Props/SM_MatPreviewMesh_02.uasset" 56
"../../../Engine/Content/Functions/Engine_MaterialFunctions02/Utility/BlendAngleCorrectedNormals.uasset" 57
"X:/devSpace/unrealProjects/HomeAlone/HomeAlone/Content/StarterContent/Textures/T_Detail_Rocky_N.uasset" 58
"X:/devSpace/unrealProjects/HomeAlone/HomeAlone/Content/StarterContent/Textures/T_Rock_Basalt_D.uasset" 59
"X:/devSpace/unrealProjects/HomeAlone/HomeAlone/Content/StarterContent/Textures/T_RockMesh_M.uasset" 60
"X:/devSpace/unrealProjects/HomeAlone/HomeAlone/Content/StarterContent/Textures/T_RockMesh_N.uasset" 61
"X:/devSpace/unrealProjects/HomeAlone/HomeAlone/Content/StarterContent/Props/Materials/M_Rock.uasset" 62
"X:/devSpace/unrealProjects/HomeAlone/HomeAlone/Content/StarterContent/Props/SM_Rock.uasset" 63
"X:/devSpace/unrealProjects/HomeAlone/HomeAlone/Content/StarterContent/Textures/T_Shelf_M.uasset" 64
"X:/devSpace/unrealProjects/HomeAlone/HomeAlone/Content/StarterContent/Textures/T_Shelf_N.uasset" 65
"X:/devSpace/unrealProjects/HomeAlone/HomeAlone/Content/StarterContent/Props/Materials/M_Shelf.uasset" 66
"X:/devSpace/unrealProjects/HomeAlone/HomeAlone/Content/StarterContent/Props/SM_Shelf.uasset" 67
"X:/devSpace/unrealProjects/HomeAlone/HomeAlone/Content/StarterContent/Materials/M_Basic_Floor.uasset" 68
"X:/devSpace/unrealProjects/HomeAlone/HomeAlone/Content/StarterContent/Props/SM_Stairs.uasset" 69
"X:/devSpace/unrealProjects/HomeAlone/HomeAlone/Content/StarterContent/Shapes/Shape_Cone.uasset" 70
"X:/devSpace/unrealProjects/HomeAlone/HomeAlone/Content/StarterContent/Shapes/Shape_Cylinder.uasset" 71
"X:/devSpace/unrealProjects/HomeAlone/HomeAlone/Content/StarterContent/Shapes/Shape_NarrowCapsule.uasset" 72
"X:/devSpace/unrealProjects/HomeAlone/HomeAlone/Content/StarterContent/Shapes/Shape_Pipe.uasset" 73
"X:/devSpace/unrealProjects/HomeAlone/HomeAlone/Content/StarterContent/Shapes/Shape_Pipe_180.uasset" 74
"X:/devSpace/unrealProjects/HomeAlone/HomeAlone/Content/StarterContent/Shapes/Shape_Pipe_90.uasset" 75
"X:/devSpace/unrealProjects/HomeAlone/HomeAlone/Content/StarterContent/Shapes/Shape_Plane.uasset" 76
"X:/devSpace/unrealProjects/HomeAlone/HomeAlone/Content/StarterContent/Shapes/Shape_Torus.uasset" 77
"X:/devSpace/unrealProjects/HomeAlone/HomeAlone/Content/StarterContent/Shapes/Shape_Trim.uasset" 78
"X:/devSpace/unrealProjects/HomeAlone/HomeAlone/Content/StarterContent/Shapes/Shape_Trim_90_In.uasset" 79
"X:/devSpace/unrealProjects/HomeAlone/HomeAlone/Content/StarterContent/Shapes/Shape_Trim_90_Out.uasset" 80
"X:/devSpace/unrealProjects/HomeAlone/HomeAlone/Content/StarterContent/Shapes/Shape_TriPyramid.uasset" 81
"X:/devSpace/unrealProjects/HomeAlone/HomeAlone/Content/StarterContent/Shapes/Shape_Tube.uasset" 82
"X:/devSpace/unrealProjects/HomeAlone/HomeAlone/Content/StarterContent/Shapes/Shape_Wedge_A.uasset" 83
"X:/devSpace/unrealProjects/HomeAlone/HomeAlone/Content/StarterContent/Shapes/Shape_Wedge_B.uasset" 84
"X:/devSpace/unrealProjects/HomeAlone/HomeAlone/Content/StarterContent/Shapes/Shape_WideCapsule.uasset" 85
"../../../Engine/Content/Animation/DefaultAnimCurveCompressionSettings.uasset" 86
"../../../Engine/Content/Functions/Engine_MaterialFunctions01/Opacity/CameraDepthFade.uasset" 87
"../../../Engine/Content/EngineMaterials/T_Default_Material_Grid_M.uasset" 88
"../../../Engine/Content/EngineMaterials/T_Default_Material_Grid_N.uasset" 89
"../../../Engine/Content/EngineMaterials/WorldGridMaterial.uasset" 90
"../../../Engine/Content/ArtTools/RenderToTexture/Meshes/S_1_Unit_Plane.uasset" 91
"../../../Engine/Content/EngineMaterials/DefaultMaterial.uasset" 92
"../../../Engine/Content/BasicShapes/Cone.uasset" 93
"../../../Engine/Content/BasicShapes/Cylinder.uasset" 94
"../../../Engine/Content/BasicShapes/Plane.uasset" 95
"../../../Engine/Content/BasicShapes/Sphere.uasset" 96
"../../../Engine/Content/EditorLandscapeResources/DataLayer.uasset" 97
"../../../Engine/Content/EditorMaterials/MAT_Groups_Toggle.uasset" 98
"../../../Engine/Content/EditorMaterials/MAT_Groups_Visibility.uasset" 99
"../../../Engine/Content/EditorMaterials/PreviewShadowIndicator.uasset" 100
"../../../Engine/Content/EditorMaterials/PreviewShadowIndicatorMaterial.uasset" 101
"../../../Engine/Content/EditorMaterials/MatineeGroups/MAT_ColorTrack.uasset" 102
"../../../Engine/Content/EditorMaterials/MatineeGroups/MAT_Groups_Anim.uasset" 103
"../../../Engine/Content/EditorMaterials/MatineeGroups/MAT_Groups_AudioMaster.uasset" 104
"../../../Engine/Content/EditorMaterials/MatineeGroups/MAT_Groups_Director.uasset" 105
"../../../Engine/Content/EditorMaterials/MatineeGroups/MAT_Groups_Event.uasset" 106
"../../../Engine/Content/EditorMaterials/MatineeGroups/MAT_Groups_Fade.uasset" 107
"../../../Engine/Content/EditorMaterials/MatineeGroups/MAT_Groups_Float.uasset" 108
"../../../Engine/Content/EditorMaterials/MatineeGroups/MAT_Groups_Move.uasset" 109
"../../../Engine/Content/EditorMaterials/MatineeGroups/MAT_Groups_Slomo.uasset" 110
"../../../Engine/Content/EditorMaterials/MatineeGroups/MAT_Groups_Sound.uasset" 111
"../../../Engine/Content/EditorMaterials/MatineeGroups/MAT_Groups_Vector.uasset" 112
"../../../Engine/Content/EditorMaterials/ParticleSystems/PSysThumbnail_NoImage.uasset" 113
"../../../Engine/Content/EditorMaterials/ParticleSystems/PSysThumbnail_OOD.uasset" 114
"../../../Engine/Content/EditorMaterials/Camera/CineMat.uasset" 115
"../../../Engine/Content/EditorMaterials/Camera/MI_CineMat_Rig.uasset" 116
"../../../Engine/Content/EditorMeshes/Camera/SM_CraneRig_Arm.uasset" 117
"../../../Engine/Content/EditorMeshes/Camera/SM_CraneRig_Base.uasset" 118
"../../../Engine/Content/EditorMeshes/Camera/SM_CraneRig_Body.uasset" 119
"../../../Engine/Content/EditorMeshes/Camera/SM_CraneRig_Mount.uasset" 120
"../../../Engine/Content/EditorMeshes/Camera/SM_RailRig_Mount.uasset" 121
"../../../Engine/Content/EditorMeshes/Camera/SM_RailRig_Track.uasset" 122
"../../../Engine/Content/EditorResources/BSPVertex.uasset" 123
"../../../Engine/Content/EditorResources/EmptyActor.uasset" 124
"../../../Engine/Content/EditorResources/S_Actor.uasset" 125
"../../../Engine/Content/EditorResources/S_Note.uasset" 126
"../../../Engine/Content/EditorResources/S_Solver.uasset" 127
"../../../Engine/Content/EditorResources/S_Trigger.uasset" 128
"../../../Engine/Content/EditorResources/AudioIcons/S_AudioComponent.uasset" 129
"../../../Engine/Content/EditorResources/AudioIcons/S_AudioComponent_AutoActivate.uasset" 130
"../../../Engine/Content/EditorResources/LightIcons/S_LightError.uasset" 131
"../../../Engine/Content/EditorResources/SequenceRecorder/Countdown.uasset" 132
"../../../Engine/Content/EditorResources/SequenceRecorder/RecordingIndicator.uasset" 133
"../../../Engine/Content/EditorSounds/Notifications/CompileFailed.uasset" 134
"../../../Engine/Content/EditorSounds/Notifications/CompileFailed_Cue.uasset" 135
"../../../Engine/Content/EditorSounds/Notifications/CompileSuccess.uasset" 136
"../../../Engine/Content/EditorSounds/Notifications/CompileStart_Cue.uasset" 137
"../../../Engine/Content/EditorSounds/Notifications/CompileSuccess_Cue.uasset" 138
"../../../Engine/Content/EngineDamageTypes/DmgTypeBP_Environmental.uasset" 139
"../../../Engine/Content/EngineDebugMaterials/DebugEditorMaterial.uasset" 140
"../../../Engine/Content/EngineDebugMaterials/DebugMeshMaterial.uasset" 141
"../../../Engine/Content/EngineDebugMaterials/M_SimpleTranslucent.uasset" 142
"../../../Engine/Content/Functions/Engine_MaterialFunctions02/Utility/CameraDirectionVector.uasset" 143
"../../../Engine/Content/EngineDebugMaterials/VolumeToRender.uasset" 144
"../../../Engine/Content/EngineDebugMaterials/M_VolumeRenderSphereTracePP.uasset" 145
"../../../Engine/Content/EngineDebugMaterials/WireframeMaterial.uasset" 146
"../../../Engine/Content/EngineFonts/Faces/DroidSansFallback.uasset" 147
"../../../Engine/Content/EngineFonts/Faces/RobotoBold.uasset" 148
"../../../Engine/Content/EngineFonts/Faces/RobotoBoldItalic.uasset" 149
"../../../Engine/Content/EngineFonts/Faces/RobotoItalic.uasset" 150
"../../../Engine/Content/EngineFonts/Faces/RobotoLight.uasset" 151
"../../../Engine/Content/EngineFonts/Faces/RobotoRegular.uasset" 152
"../../../Engine/Content/EngineFonts/Roboto.uasset" 153
"../../../Engine/Content/EngineMaterials/BaseFlattenDiffuseMap.uasset" 154
"../../../Engine/Content/EngineMaterials/BaseFlattenEmissiveMap.uasset" 155
"../../../Engine/Content/EngineMaterials/BaseFlattenGrayscaleMap.uasset" 156
"../../../Engine/Content/EngineMaterials/BaseFlattenNormalMap.uasset" 157
"../../../Engine/Content/EngineMaterials/BaseFlattenMaterial.uasset" 158
"../../../Engine/Content/EngineMaterials/BlueNoise.uasset" 159
"../../../Engine/Content/EngineMaterials/DefaultBloomKernel.uasset" 160
"../../../Engine/Content/EngineMaterials/DefaultBokeh.uasset" 161
"../../../Engine/Content/EngineMaterials/DefaultDiffuse.uasset" 162
"../../../Engine/Content/EngineMaterials/DefaultDeferredDecalMaterial.uasset" 163
"../../../Engine/Content/EngineMaterials/DefaultLightFunctionMaterial.uasset" 164
"../../../Engine/Content/EngineMaterials/DefaultPhysicalMaterial.uasset" 165
"../../../Engine/Content/Functions/Engine_MaterialFunctions02/Utility/BreakOutFloat2Components.uasset" 166
"../../../Engine/Content/EngineMaterials/DefaultPostProcessMaterial.uasset" 167
"../../../Engine/Content/EngineFonts/RobotoDistanceField.uasset" 168
"../../../Engine/Content/EngineMaterials/DefaultTextMaterialOpaque.uasset" 169
"../../../Engine/Content/EngineMaterials/DefaultVirtualTextureMaterial.uasset" 170
"../../../Engine/Content/EngineMaterials/DefaultWhiteGrid.uasset" 171
"../../../Engine/Content/EngineMaterials/DefaultWhiteGrid_Low.uasset" 172
"../../../Engine/Content/EngineMaterials/EmissiveMeshMaterial.uasset" 173
"../../../Engine/Content/EngineMaterials/GizmoMaterial.uasset" 174
"../../../Engine/Content/EngineMaterials/Good64x64TilingNoiseHighFreq.uasset" 175
"../../../Engine/Content/EngineMaterials/HairDefaultMaterial.uasset" 176
"../../../Engine/Content/EngineMaterials/MiniFont.uasset" 177
"../../../Engine/Content/EngineMaterials/InvalidLightmapSettings.uasset" 178
"../../../Engine/Content/EngineMaterials/M_InvalidLightmapSettings.uasset" 179
"../../../Engine/Content/Functions/Engine_MaterialFunctions02/WorldPositionOffset/CameraOffset.uasset" 180
"../../../Engine/Content/EngineMaterials/PhAT_JointLimitMaterial.uasset" 181
"../../../Engine/Content/EngineMaterials/PreintegratedSkinBRDF.uasset" 182
"../../../Engine/Content/EngineMaterials/RemoveSurfaceMaterial.uasset" 183
"../../../Engine/Content/EngineMaterials/WeightMapPlaceholderTexture.uasset" 184
"../../../Engine/Content/EngineResources/WhiteSquareTexture.uasset" 185
"../../../Engine/Content/EngineMaterials/Widget3DPassThrough.uasset" 186
"../../../Engine/Content/EngineMaterials/Widget3DPassThrough_Masked.uasset" 187
"../../../Engine/Content/EngineMaterials/Widget3DPassThrough_Opaque.uasset" 188
"../../../Engine/Content/EngineMaterials/Widget3DPassThrough_Masked_OneSided.uasset" 189
"../../../Engine/Content/EngineMaterials/Widget3DPassThrough_Opaque_OneSided.uasset" 190
"../../../Engine/Content/EngineMaterials/Widget3DPassThrough_Translucent.uasset" 191
"../../../Engine/Content/EngineMaterials/Widget3DPassThrough_Translucent_OneSided.uasset" 192
"../../../Engine/Content/EngineMeshes/Cylinder.uasset" 193
"../../../Engine/Content/EngineMeshes/Sphere.uasset" 194
"../../../Engine/Content/EngineResources/Black.uasset" 195
"../../../Engine/Content/EngineResources/DefaultTexture.uasset" 196
"../../../Engine/Content/EngineResources/DefaultTextureCube.uasset" 197
"../../../Engine/Content/EngineResources/DefaultVolumeTexture2D.uasset" 198
"../../../Engine/Content/EngineResources/DefaultVolumeTexture.uasset" 199
"../../../Engine/Content/EngineResources/GradientTexture0.uasset" 200
"../../../Engine/Content/EngineSounds/Master.uasset" 201
"../../../Engine/Content/Functions/Engine_MaterialFunctions01/Shading/ConvertFromDiffSpec.uasset" 202
"../../../Engine/Content/Functions/Engine_MaterialFunctions01/Shading/PowerToRoughness.uasset" 203
"../../../Engine/Content/Maps/Templates/Thumbnails/Default.uasset" 204
"../../../Engine/Content/Maps/Templates/Thumbnails/TimeOfDay.uasset" 205
"../../../Engine/Content/Maps/Templates/Thumbnails/VR-Basic.uasset" 206
"../../../Engine/Content/MobileResources/T_MobileControls_texture.uasset" 207
"../../../Engine/Content/MobileResources/T_MobileMenu2.uasset" 208
"../../../Engine/Content/MobileResources/HUD/AnalogHat.uasset" 209
"../../../Engine/Content/MobileResources/HUD/VirtualJoystick_Background.uasset" 210
"../../../Engine/Content/MobileResources/HUD/VirtualJoystick_Thumb.uasset" 211
"../../../Engine/Content/MobileResources/HUD/DefaultVirtualJoysticks.uasset" 212
"../../../Engine/Content/MobileResources/HUD/LeftVirtualJoystickOnly.uasset" 213
"../../../Engine/Content/MobileResources/HUD/MobileHUDButton1_off.uasset" 214
"../../../Engine/Content/MobileResources/HUD/MobileHUDButton1_on.uasset" 215
"../../../Engine/Content/MobileResources/HUD/MobileHUDButton2_off.uasset" 216
"../../../Engine/Content/MobileResources/HUD/MobileHUDButton2_on.uasset" 217
"../../../Engine/Content/MobileResources/HUD/MobileHUDButton3.uasset" 218
"../../../Engine/Content/MobileResources/HUD/MobileHUDButtonFire.uasset" 219
"../../../Engine/Content/MobileResources/HUD/MobileHUDDirectionPad.uasset" 220
"../../../Engine/Content/MobileResources/HUD/MobileHUDDirectionPad2.uasset" 221
"../../../Engine/Content/MobileResources/HUD/MobileHUDDirectionPad3.uasset" 222
"../../../Engine/Content/MobileResources/HUD/MobileHUDDirectionStick.uasset" 223
"../../../Engine/Content/MobileResources/HUD/T_Castle_ThumbstickInner.uasset" 224
"../../../Engine/Content/MobileResources/HUD/T_Castle_ThumbstickOutter.uasset" 225
"../../../Engine/Content/Tutorial/ContentIntroCurve.uasset" 226
"../../../Engine/Content/Tutorial/Basics/LevelEditorAttract.uasset" 227
"../../../Engine/Content/Tutorial/Basics/TutorialAssets/icon_tab_Levels_40x.uasset" 228
"../../../Engine/Content/Tutorial/Basics/LevelEditorOverview.uasset" 229
"../../../Engine/Content/Tutorial/BlueprintTutorials/TutorialAssets/Blueprint_64x.uasset" 230
"../../../Engine/Content/Tutorial/BlueprintTutorials/BlueprintEditorTutorial.uasset" 231
"../../../Engine/Content/Tutorial/Installation/InstallingVisualStudioTutorial.uasset" 232
"../../../Engine/Content/Tutorial/Landscape/TutorialAssets/Landscape.uasset" 233
"../../../Engine/Content/Tutorial/Landscape/LandscapeWalkThrough.uasset" 234
"../../../Engine/Content/Tutorial/Landscape/Landscape_Manage_Mode.uasset" 235
"../../../Engine/Content/Tutorial/Landscape/Landscape_Painting_Mode.uasset" 236
"../../../Engine/Content/Tutorial/Landscape/Landscape_Sculpt_Mode.uasset" 237
"../../../Engine/Content/VREditor/LaserPointer/VR_LaserPower_01.uasset" 238
"../../../Engine/Content/VREditor/TransformGizmo/TransformGizmoMaterial.uasset" 239
"../../../Engine/Content/VREditor/TransformGizmo/TranslucentTransformGizmoMaterial.uasset" 240
"../../../Engine/Content/VREditor/TransformGizmo/BoundingBoxCorner.uasset" 241
"../../../Engine/Content/VREditor/TransformGizmo/BoundingBoxEdge.uasset" 242
"../../../Engine/Content/VREditor/TransformGizmo/PlaneTranslationHandle.uasset" 243
"../../../Engine/Content/VREditor/TransformGizmo/Main.uasset" 244
"../../../Engine/Content/VREditor/TransformGizmo/Xray.uasset" 245
"../../../Engine/Content/VREditor/TransformGizmo/SM_Sequencer_Key.uasset" 246
"../../../Engine/Content/VREditor/TransformGizmo/SM_Sequencer_Node.uasset" 247
"../../Plugins/2D/Paper2D/Content/PlaceholderTextures/DummySpriteTexture.uasset" 248
"../../Plugins/2D/Paper2D/Content/DummySprite.uasset" 249
"../../Plugins/2D/Paper2D/Content/DefaultPaperTerrainMaterial.uasset" 250
"../../Plugins/2D/Paper2D/Content/DummySpriteTexture.uasset" 251
"../../Plugins/2D/Paper2D/Content/DefaultSpriteMaterial.uasset" 252
"../../Plugins/2D/Paper2D/Content/MaskedUnlitSpriteMaterial.uasset" 253
"../../Plugins/2D/Paper2D/Content/OpaqueUnlitSpriteMaterial.uasset" 254
"../../../Engine/Content/Functions/Engine_MaterialFunctions02/Utility/BreakOutFloat4Components.uasset" 255
"../../../Engine/Content/Functions/Engine_MaterialFunctions02/Utility/MakeFloat2.uasset" 256
"../../../Engine/Content/Functions/Engine_MaterialFunctions02/Utility/MakeFloat3.uasset" 257
"../../Plugins/Runtime/Oculus/OculusVR/Content/Materials/OculusMR_ChromaKey.uasset" 258
"../../Plugins/Runtime/Oculus/OculusVR/Content/Materials/OculusMR_ChromaKey_Lit.uasset" 259
"../../Plugins/Runtime/Oculus/OculusVR/Content/Materials/OculusMR_OpaqueColoredMaterial.uasset" 260
"../../Plugins/Runtime/Oculus/OculusVR/Content/Materials/OculusMR_WhiteMaterial.uasset" 261
"../../../Engine/Content/EngineSky/C_Sky_Cloud_Color.uasset" 262
"../../../Engine/Content/EngineSky/C_Sky_Horizon_Color.uasset" 263
"../../../Engine/Content/EngineSky/C_Sky_Zenith_Color.uasset" 264
"../../../Engine/Content/EngineSky/T_Sky_Blue.uasset" 265
"../../../Engine/Content/EngineSky/T_Sky_Clouds_M.uasset" 266
"../../../Engine/Content/EngineSky/T_Sky_Stars.uasset" 267
"../../../Engine/Content/EngineSky/M_Sky_Panning_Clouds2.uasset" 268
"../../../Engine/Content/EngineSky/SM_SkySphere.uasset" 269
"../../../Engine/Content/EngineSky/BP_Sky_Sphere.uasset" 270
"X:/devSpace/unrealProjects/HomeAlone/HomeAlone/Content/Maps/BaseMap_BuiltData.uasset" 271
"../../../Engine/Content/BasicShapes/BasicShapeMaterial.uasset" 272
"../../../Engine/Content/Functions/Engine_MaterialFunctions02/Utility/BumpOffset_Advanced.uasset" 273
"X:/devSpace/unrealProjects/HomeAlone/HomeAlone/Content/Textures/TexturesCom_WoodSiding_2x2_1K_albedo.uasset" 274
"X:/devSpace/unrealProjects/HomeAlone/HomeAlone/Content/Textures/TexturesCom_WoodSiding_2x2_1K_ao.uasset" 275
"X:/devSpace/unrealProjects/HomeAlone/HomeAlone/Content/Textures/TexturesCom_WoodSiding_2x2_1K_height.uasset" 276
"X:/devSpace/unrealProjects/HomeAlone/HomeAlone/Content/Textures/TexturesCom_WoodSiding_2x2_1K_normal.uasset" 277
"X:/devSpace/unrealProjects/HomeAlone/HomeAlone/Content/Textures/TexturesCom_WoodSiding_2x2_1K_roughness.uasset" 278
"X:/devSpace/unrealProjects/HomeAlone/HomeAlone/Content/Textures/woodSiding.uasset" 279
"../../../Engine/Content/BasicShapes/Cube.uasset" 280
"X:/devSpace/unrealProjects/HomeAlone/HomeAlone/Content/StarterContent/Architecture/Floor_400x400.uasset" 281
"X:/devSpace/unrealProjects/HomeAlone/HomeAlone/Content/StarterContent/Architecture/Wall_400x400.uasset" 282
"X:/devSpace/unrealProjects/HomeAlone/HomeAlone/Content/Maps/BaseMap.umap" 283
"X:/devSpace/unrealProjects/HomeAlone/HomeAlone/Content/StarterContent/Blueprints/Assets/FogBrightnessLUT.uasset" 284
"X:/devSpace/unrealProjects/HomeAlone/HomeAlone/Content/StarterContent/Blueprints/Assets/SunlightColorLUT.uasset" 285
"X:/devSpace/unrealProjects/HomeAlone/HomeAlone/Content/StarterContent/Blueprints/Assets/M_LightStage_Arrows.uasset" 286
"../../../Engine/Content/MapTemplates/Sky/DaylightAmbientCubemap.uasset" 287
"X:/devSpace/unrealProjects/HomeAlone/HomeAlone/Content/StarterContent/Blueprints/Assets/M_LightStage_Skybox_Master.uasset" 288
"X:/devSpace/unrealProjects/HomeAlone/HomeAlone/Content/StarterContent/Blueprints/Assets/M_LightStage_Skybox_Black.uasset" 289
"X:/devSpace/unrealProjects/HomeAlone/HomeAlone/Content/StarterContent/Blueprints/Assets/M_LightStage_Skybox_HDRI.uasset" 290
"../../../Engine/Content/EditorMaterials/Thumbnails/SkySphereMaterial.uasset" 291
"X:/devSpace/unrealProjects/HomeAlone/HomeAlone/Content/StarterContent/Blueprints/Assets/Skybox.uasset" 292
"X:/devSpace/unrealProjects/HomeAlone/HomeAlone/Content/StarterContent/Blueprints/Assets/SM_Arrows.uasset" 293
"X:/devSpace/unrealProjects/HomeAlone/HomeAlone/Content/StarterContent/HDRI/HDRI_Epic_Courtyard_Daylight.uasset" 294
"X:/devSpace/unrealProjects/HomeAlone/HomeAlone/Content/StarterContent/Blueprints/BP_LightStudio.uasset" 295
"X:/devSpace/unrealProjects/HomeAlone/HomeAlone/Content/StarterContent/Maps/Advanced_Lighting_BuiltData.uasset" 296
"X:/devSpace/unrealProjects/HomeAlone/HomeAlone/Content/StarterContent/Materials/M_AssetPlatform.uasset" 297
"../../../Engine/Content/EditorMeshes/ColorCalibrator/M_ChromeBall.uasset" 298
"../../../Engine/Content/EditorMeshes/ColorCalibrator/M_ClearCoat.uasset" 299
"../../../Engine/Content/EditorMeshes/ColorCalibrator/M_ClearCoatBlack.uasset" 300
"../../../Engine/Content/EditorMeshes/ColorCalibrator/Color_checker.uasset" 301
"../../../Engine/Content/EditorMeshes/ColorCalibrator/M_ColorGrid.uasset" 302
"../../../Engine/Content/EditorMeshes/ColorCalibrator/M_GreyBall.uasset" 303
"../../../Engine/Content/EditorMeshes/ColorCalibrator/SM_ColorCalibrator.uasset" 304
"X:/devSpace/unrealProjects/HomeAlone/HomeAlone/Content/StarterContent/Architecture/SM_AssetPlatform.uasset" 305
"X:/devSpace/unrealProjects/HomeAlone/HomeAlone/Content/StarterContent/Maps/Advanced_Lighting.umap" 306
"X:/devSpace/unrealProjects/HomeAlone/HomeAlone/Content/StarterContent/Maps/Minimal_Default_BuiltData.uasset" 307
"X:/devSpace/unrealProjects/HomeAlone/HomeAlone/Content/StarterContent/Textures/T_MacroVariation.uasset" 308
"X:/devSpace/unrealProjects/HomeAlone/HomeAlone/Content/StarterContent/Materials/M_Metal_Brushed_Nickel.uasset" 309
"X:/devSpace/unrealProjects/HomeAlone/HomeAlone/Content/StarterContent/Textures/T_Metal_Aluminum_D.uasset" 310
"X:/devSpace/unrealProjects/HomeAlone/HomeAlone/Content/StarterContent/Textures/T_Metal_Gold_N.uasset" 311
"X:/devSpace/unrealProjects/HomeAlone/HomeAlone/Content/StarterContent/Materials/M_Metal_Burnished_Steel.uasset" 312
"X:/devSpace/unrealProjects/HomeAlone/HomeAlone/Content/StarterContent/Textures/T_Metal_Copper_D.uasset" 313
"X:/devSpace/unrealProjects/HomeAlone/HomeAlone/Content/StarterContent/Materials/M_Metal_Copper.uasset" 314
"X:/devSpace/unrealProjects/HomeAlone/HomeAlone/Content/StarterContent/Textures/T_Statue_M.uasset" 315
"X:/devSpace/unrealProjects/HomeAlone/HomeAlone/Content/StarterContent/Textures/T_Statue_N.uasset" 316
"X:/devSpace/unrealProjects/HomeAlone/HomeAlone/Content/StarterContent/Props/Materials/M_StatueGlass.uasset" 317
"X:/devSpace/unrealProjects/HomeAlone/HomeAlone/Content/StarterContent/Audio/Starter_Background_Cue.uasset" 318
"X:/devSpace/unrealProjects/HomeAlone/HomeAlone/Content/StarterContent/Props/SM_Chair.uasset" 319
"X:/devSpace/unrealProjects/HomeAlone/HomeAlone/Content/StarterContent/Props/Materials/M_Statue.uasset" 320
"X:/devSpace/unrealProjects/HomeAlone/HomeAlone/Content/StarterContent/Props/SM_Statue.uasset" 321
"X:/devSpace/unrealProjects/HomeAlone/HomeAlone/Content/StarterContent/Textures/T_TableRound_M.uasset" 322
"X:/devSpace/unrealProjects/HomeAlone/HomeAlone/Content/StarterContent/Textures/T_TableRound_N.uasset" 323
"X:/devSpace/unrealProjects/HomeAlone/HomeAlone/Content/StarterContent/Props/Materials/M_TableRound.uasset" 324
"X:/devSpace/unrealProjects/HomeAlone/HomeAlone/Content/StarterContent/Props/SM_TableRound.uasset" 325
"X:/devSpace/unrealProjects/HomeAlone/HomeAlone/Content/StarterContent/Maps/Minimal_Default.umap" 326
"X:/devSpace/unrealProjects/HomeAlone/HomeAlone/Content/StarterContent/Audio/Fire01_Cue.uasset" 327
"X:/devSpace/unrealProjects/HomeAlone/HomeAlone/Content/StarterContent/Textures/T_Fire_SubUV.uasset" 328
"X:/devSpace/unrealProjects/HomeAlone/HomeAlone/Content/StarterContent/Textures/T_Fire_Tiled_D.uasset" 329
"X:/devSpace/unrealProjects/HomeAlone/HomeAlone/Content/StarterContent/Particles/Materials/M_Fire_SubUV.uasset" 330
"X:/devSpace/unrealProjects/HomeAlone/HomeAlone/Content/StarterContent/Textures/T_Water_N.uasset" 331
"X:/devSpace/unrealProjects/HomeAlone/HomeAlone/Content/StarterContent/Particles/Materials/M_Heat_Distortion.uasset" 332
"X:/devSpace/unrealProjects/HomeAlone/HomeAlone/Content/StarterContent/Particles/Materials/M_Radial_Gradient.uasset" 333
"X:/devSpace/unrealProjects/HomeAlone/HomeAlone/Content/StarterContent/Particles/P_Fire.uasset" 334
"X:/devSpace/unrealProjects/HomeAlone/HomeAlone/Content/StarterContent/Blueprints/Blueprint_Effect_Fire.uasset" 335
"X:/devSpace/unrealProjects/HomeAlone/HomeAlone/Content/StarterContent/Audio/Smoke01_Cue.uasset" 336
"X:/devSpace/unrealProjects/HomeAlone/HomeAlone/Content/StarterContent/Particles/P_Smoke.uasset" 337
"X:/devSpace/unrealProjects/HomeAlone/HomeAlone/Content/StarterContent/Blueprints/Blueprint_Effect_Smoke.uasset" 338
"X:/devSpace/unrealProjects/HomeAlone/HomeAlone/Content/StarterContent/Audio/Fire_Sparks01_Cue.uasset" 339
"X:/devSpace/unrealProjects/HomeAlone/HomeAlone/Content/StarterContent/Textures/T_Spark_Core.uasset" 340
"X:/devSpace/unrealProjects/HomeAlone/HomeAlone/Content/StarterContent/Particles/Materials/M_Spark.uasset" 341
"X:/devSpace/unrealProjects/HomeAlone/HomeAlone/Content/StarterContent/Particles/P_Sparks.uasset" 342
"X:/devSpace/unrealProjects/HomeAlone/HomeAlone/Content/StarterContent/Blueprints/Blueprint_Effect_Sparks.uasset" 343
"X:/devSpace/unrealProjects/HomeAlone/HomeAlone/Content/StarterContent/Audio/Steam01_Cue.uasset" 344
"X:/devSpace/unrealProjects/HomeAlone/HomeAlone/Content/StarterContent/Particles/P_Steam_Lit.uasset" 345
"X:/devSpace/unrealProjects/HomeAlone/HomeAlone/Content/StarterContent/Blueprints/Blueprint_Effect_Steam.uasset" 346
"X:/devSpace/unrealProjects/HomeAlone/HomeAlone/Content/StarterContent/Textures/T_Lamp_M.uasset" 347
"X:/devSpace/unrealProjects/HomeAlone/HomeAlone/Content/StarterContent/Textures/T_Lamp_N.uasset" 348
"X:/devSpace/unrealProjects/HomeAlone/HomeAlone/Content/StarterContent/Props/Materials/M_Lamp.uasset" 349
"X:/devSpace/unrealProjects/HomeAlone/HomeAlone/Content/StarterContent/Props/SM_Lamp_Ceiling.uasset" 350
"X:/devSpace/unrealProjects/HomeAlone/HomeAlone/Content/StarterContent/Blueprints/Blueprint_CeilingLight.uasset" 351
"X:/devSpace/unrealProjects/HomeAlone/HomeAlone/Content/StarterContent/Props/SM_Lamp_Wall.uasset" 352
"X:/devSpace/unrealProjects/HomeAlone/HomeAlone/Content/StarterContent/Blueprints/Blueprint_WallSconce.uasset" 353
"X:/devSpace/unrealProjects/HomeAlone/HomeAlone/Content/StarterContent/Maps/StarterMap_BuiltData.uasset" 354
"../../../Engine/Content/Functions/Engine_MaterialFunctions03/Procedurals/ComputeFilterWidth.uasset" 355
"../../../Engine/Content/EngineMaterials/AntiAliasedTextMaterialTranslucent.uasset" 356
"X:/devSpace/unrealProjects/HomeAlone/HomeAlone/Content/StarterContent/Textures/T_Brick_Clay_Beveled_D.uasset" 357
"X:/devSpace/unrealProjects/HomeAlone/HomeAlone/Content/StarterContent/Textures/T_Brick_Clay_Beveled_M.uasset" 358
"X:/devSpace/unrealProjects/HomeAlone/HomeAlone/Content/StarterContent/Textures/T_Brick_Clay_Beveled_N.uasset" 359
"X:/devSpace/unrealProjects/HomeAlone/HomeAlone/Content/StarterContent/Materials/M_Brick_Clay_Beveled.uasset" 360
"X:/devSpace/unrealProjects/HomeAlone/HomeAlone/Content/StarterContent/Textures/T_Brick_Clay_New_D.uasset" 361
"X:/devSpace/unrealProjects/HomeAlone/HomeAlone/Content/StarterContent/Textures/T_Brick_Clay_New_M.uasset" 362
"X:/devSpace/unrealProjects/HomeAlone/HomeAlone/Content/StarterContent/Textures/T_Brick_Clay_New_N.uasset" 363
"X:/devSpace/unrealProjects/HomeAlone/HomeAlone/Content/StarterContent/Materials/M_Brick_Clay_New.uasset" 364
"X:/devSpace/unrealProjects/HomeAlone/HomeAlone/Content/StarterContent/Textures/T_Brick_Clay_Old_D.uasset" 365
"X:/devSpace/unrealProjects/HomeAlone/HomeAlone/Content/StarterContent/Textures/T_Brick_Clay_Old_N.uasset" 366
"X:/devSpace/unrealProjects/HomeAlone/HomeAlone/Content/StarterContent/Textures/T_Perlin_Noise_M.uasset" 367
"X:/devSpace/unrealProjects/HomeAlone/HomeAlone/Content/StarterContent/Materials/M_Brick_Clay_Old.uasset" 368
"X:/devSpace/unrealProjects/HomeAlone/HomeAlone/Content/StarterContent/Textures/T_Brick_Cut_Stone_D.uasset" 369
"X:/devSpace/unrealProjects/HomeAlone/HomeAlone/Content/StarterContent/Textures/T_Brick_Cut_Stone_N.uasset" 370
"X:/devSpace/unrealProjects/HomeAlone/HomeAlone/Content/StarterContent/Materials/M_Brick_Cut_Stone.uasset" 371
"X:/devSpace/unrealProjects/HomeAlone/HomeAlone/Content/StarterContent/Textures/T_Brick_Hewn_Stone_D.uasset" 372
"X:/devSpace/unrealProjects/HomeAlone/HomeAlone/Content/StarterContent/Textures/T_Brick_Hewn_Stone_M.uasset" 373
"X:/devSpace/unrealProjects/HomeAlone/HomeAlone/Content/StarterContent/Textures/T_Brick_Hewn_Stone_N.uasset" 374
"X:/devSpace/unrealProjects/HomeAlone/HomeAlone/Content/StarterContent/Materials/M_Brick_Hewn_Stone.uasset" 375
"X:/devSpace/unrealProjects/HomeAlone/HomeAlone/Content/StarterContent/Textures/T_Ceramic_Tile_M.uasset" 376
"X:/devSpace/unrealProjects/HomeAlone/HomeAlone/Content/StarterContent/Textures/T_Ceramic_Tile_N.uasset" 377
"X:/devSpace/unrealProjects/HomeAlone/HomeAlone/Content/StarterContent/Textures/T_Rock_Marble_Polished_D.uasset" 378
"X:/devSpace/unrealProjects/HomeAlone/HomeAlone/Content/StarterContent/Materials/M_Ceramic_Tile_Checker.uasset" 379
"X:/devSpace/unrealProjects/HomeAlone/HomeAlone/Content/StarterContent/Textures/T_CobbleStone_Pebble_D.uasset" 380
"X:/devSpace/unrealProjects/HomeAlone/HomeAlone/Content/StarterContent/Textures/T_CobbleStone_Pebble_M.uasset" 381
"X:/devSpace/unrealProjects/HomeAlone/HomeAlone/Content/StarterContent/Textures/T_CobbleStone_Pebble_N.uasset" 382
"X:/devSpace/unrealProjects/HomeAlone/HomeAlone/Content/StarterContent/Materials/M_CobbleStone_Pebble.uasset" 383
"X:/devSpace/unrealProjects/HomeAlone/HomeAlone/Content/StarterContent/Textures/T_CobbleStone_Rough_D.uasset" 384
"X:/devSpace/unrealProjects/HomeAlone/HomeAlone/Content/StarterContent/Textures/T_CobbleStone_Rough_N.uasset" 385
"X:/devSpace/unrealProjects/HomeAlone/HomeAlone/Content/StarterContent/Textures/T_Gradinet_01.uasset" 386
"X:/devSpace/unrealProjects/HomeAlone/HomeAlone/Content/StarterContent/Textures/T_Rock_Smooth_Granite_D.uasset" 387
"X:/devSpace/unrealProjects/HomeAlone/HomeAlone/Content/StarterContent/Materials/M_CobbleStone_Rough.uasset" 388
"X:/devSpace/unrealProjects/HomeAlone/HomeAlone/Content/StarterContent/Textures/T_CobbleStone_Smooth_D.uasset" 389
"X:/devSpace/unrealProjects/HomeAlone/HomeAlone/Content/StarterContent/Textures/T_CobbleStone_Smooth_M.uasset" 390
"X:/devSpace/unrealProjects/HomeAlone/HomeAlone/Content/StarterContent/Textures/T_CobbleStone_Smooth_N.uasset" 391
"X:/devSpace/unrealProjects/HomeAlone/HomeAlone/Content/StarterContent/Materials/M_CobbleStone_Smooth.uasset" 392
"X:/devSpace/unrealProjects/HomeAlone/HomeAlone/Content/StarterContent/Textures/T_Concrete_Grime_D.uasset" 393
"X:/devSpace/unrealProjects/HomeAlone/HomeAlone/Content/StarterContent/Textures/T_Metal_Rust_N.uasset" 394
"X:/devSpace/unrealProjects/HomeAlone/HomeAlone/Content/StarterContent/Materials/M_Concrete_Grime.uasset" 395
"X:/devSpace/unrealProjects/HomeAlone/HomeAlone/Content/StarterContent/Textures/T_Concrete_Panels_D.uasset" 396
"X:/devSpace/unrealProjects/HomeAlone/HomeAlone/Content/StarterContent/Textures/T_Concrete_Panels_N.uasset" 397
"X:/devSpace/unrealProjects/HomeAlone/HomeAlone/Content/StarterContent/Materials/M_Concrete_Panels.uasset" 398
"X:/devSpace/unrealProjects/HomeAlone/HomeAlone/Content/StarterContent/Textures/T_Concrete_Poured_D.uasset" 399
"X:/devSpace/unrealProjects/HomeAlone/HomeAlone/Content/StarterContent/Textures/T_Concrete_Poured_N.uasset" 400
"X:/devSpace/unrealProjects/HomeAlone/HomeAlone/Content/StarterContent/Materials/M_Concrete_Poured.uasset" 401
"X:/devSpace/unrealProjects/HomeAlone/HomeAlone/Content/StarterContent/Textures/T_Concrete_Tiles_D.uasset" 402
"X:/devSpace/unrealProjects/HomeAlone/HomeAlone/Content/StarterContent/Textures/T_Concrete_Tiles_M.uasset" 403
"X:/devSpace/unrealProjects/HomeAlone/HomeAlone/Content/StarterContent/Textures/T_Concrete_Tiles_N.uasset" 404
"X:/devSpace/unrealProjects/HomeAlone/HomeAlone/Content/StarterContent/Textures/T_Concrete_Tiles_Variation_M.uasset" 405
"X:/devSpace/unrealProjects/HomeAlone/HomeAlone/Content/StarterContent/Materials/M_Concrete_Tiles.uasset" 406
"X:/devSpace/unrealProjects/HomeAlone/HomeAlone/Content/StarterContent/Textures/T_Ground_Grass_D.uasset" 407
"X:/devSpace/unrealProjects/HomeAlone/HomeAlone/Content/StarterContent/Textures/T_Ground_Grass_N.uasset" 408
"X:/devSpace/unrealProjects/HomeAlone/HomeAlone/Content/StarterContent/Materials/M_Ground_Grass.uasset" 409
"X:/devSpace/unrealProjects/HomeAlone/HomeAlone/Content/StarterContent/Textures/T_Ground_Gravel_D.uasset" 410
"X:/devSpace/unrealProjects/HomeAlone/HomeAlone/Content/StarterContent/Textures/T_Ground_Gravel_N.uasset" 411
"X:/devSpace/unrealProjects/HomeAlone/HomeAlone/Content/StarterContent/Materials/M_Ground_Gravel.uasset" 412
"X:/devSpace/unrealProjects/HomeAlone/HomeAlone/Content/StarterContent/Textures/T_ground_Moss_D.uasset" 413
"X:/devSpace/unrealProjects/HomeAlone/HomeAlone/Content/StarterContent/Textures/T_Ground_Moss_N.uasset" 414
"X:/devSpace/unrealProjects/HomeAlone/HomeAlone/Content/StarterContent/Materials/M_Ground_Moss.uasset" 415
"X:/devSpace/unrealProjects/HomeAlone/HomeAlone/Content/StarterContent/Materials/M_Metal_Chrome.uasset" 416
"X:/devSpace/unrealProjects/HomeAlone/HomeAlone/Content/StarterContent/Textures/T_Metal_Gold_D.uasset" 417
"X:/devSpace/unrealProjects/HomeAlone/HomeAlone/Content/StarterContent/Materials/M_Metal_Gold.uasset" 418
"X:/devSpace/unrealProjects/HomeAlone/HomeAlone/Content/StarterContent/Textures/T_Metal_Rust_D.uasset" 419
"X:/devSpace/unrealProjects/HomeAlone/HomeAlone/Content/StarterContent/Materials/M_Metal_Rust.uasset" 420
"X:/devSpace/unrealProjects/HomeAlone/HomeAlone/Content/StarterContent/Textures/T_Metal_Steel_D.uasset" 421
"X:/devSpace/unrealProjects/HomeAlone/HomeAlone/Content/StarterContent/Textures/T_Metal_Steel_N.uasset" 422
"X:/devSpace/unrealProjects/HomeAlone/HomeAlone/Content/StarterContent/Materials/M_Metal_Steel.uasset" 423
"X:/devSpace/unrealProjects/HomeAlone/HomeAlone/Content/StarterContent/Textures/T_Rock_Basalt_N.uasset" 424
"X:/devSpace/unrealProjects/HomeAlone/HomeAlone/Content/StarterContent/Materials/M_Rock_Basalt.uasset" 425
"X:/devSpace/unrealProjects/HomeAlone/HomeAlone/Content/StarterContent/Materials/M_Rock_Marble_Polished.uasset" 426
"X:/devSpace/unrealProjects/HomeAlone/HomeAlone/Content/StarterContent/Textures/T_Rock_Sandstone_D.uasset" 427
"X:/devSpace/unrealProjects/HomeAlone/HomeAlone/Content/StarterContent/Textures/T_Rock_Sandstone_N.uasset" 428
"X:/devSpace/unrealProjects/HomeAlone/HomeAlone/Content/StarterContent/Materials/M_Rock_Sandstone.uasset" 429
"X:/devSpace/unrealProjects/HomeAlone/HomeAlone/Content/StarterContent/Textures/T_Rock_Slate_D.uasset" 430
"X:/devSpace/unrealProjects/HomeAlone/HomeAlone/Content/StarterContent/Textures/T_Rock_Slate_N.uasset" 431
"X:/devSpace/unrealProjects/HomeAlone/HomeAlone/Content/StarterContent/Materials/M_Rock_Slate.uasset" 432
"X:/devSpace/unrealProjects/HomeAlone/HomeAlone/Content/StarterContent/Textures/T_Checker_Noise_M.uasset" 433
"X:/devSpace/unrealProjects/HomeAlone/HomeAlone/Content/StarterContent/Textures/T_Single_Tile_N.uasset" 434
"X:/devSpace/unrealProjects/HomeAlone/HomeAlone/Content/StarterContent/Textures/T_Tech_Dot_M.uasset" 435
"X:/devSpace/unrealProjects/HomeAlone/HomeAlone/Content/StarterContent/Textures/T_Tech_Dot_N.uasset" 436
"X:/devSpace/unrealProjects/HomeAlone/HomeAlone/Content/StarterContent/Materials/M_Tech_Checker_Dot.uasset" 437
"X:/devSpace/unrealProjects/HomeAlone/HomeAlone/Content/StarterContent/Textures/T_Tech_Hex_Tile_M.uasset" 438
"X:/devSpace/unrealProjects/HomeAlone/HomeAlone/Content/StarterContent/Textures/T_Tech_Hex_Tile_N.uasset" 439
"X:/devSpace/unrealProjects/HomeAlone/HomeAlone/Content/StarterContent/Materials/M_Tech_Hex_Tile.uasset" 440
"X:/devSpace/unrealProjects/HomeAlone/HomeAlone/Content/StarterContent/Materials/M_Tech_Hex_Tile_Pulse.uasset" 441
"X:/devSpace/unrealProjects/HomeAlone/HomeAlone/Content/StarterContent/Textures/T_Tech_Panel_M.uasset" 442
"X:/devSpace/unrealProjects/HomeAlone/HomeAlone/Content/StarterContent/Textures/T_Tech_Panel_N.uasset" 443
"X:/devSpace/unrealProjects/HomeAlone/HomeAlone/Content/StarterContent/Materials/M_Tech_Panel.uasset" 444
"X:/devSpace/unrealProjects/HomeAlone/HomeAlone/Content/StarterContent/Materials/M_Water_Lake.uasset" 445
"X:/devSpace/unrealProjects/HomeAlone/HomeAlone/Content/StarterContent/Textures/T_Water_M.uasset" 446
"X:/devSpace/unrealProjects/HomeAlone/HomeAlone/Content/StarterContent/Materials/M_Water_Ocean.uasset" 447
"X:/devSpace/unrealProjects/HomeAlone/HomeAlone/Content/StarterContent/Textures/T_Wood_Floor_Walnut_D.uasset" 448
"X:/devSpace/unrealProjects/HomeAlone/HomeAlone/Content/StarterContent/Textures/T_Wood_Floor_Walnut_M.uasset" 449
"X:/devSpace/unrealProjects/HomeAlone/HomeAlone/Content/StarterContent/Textures/T_Wood_Floor_Walnut_N.uasset" 450
"X:/devSpace/unrealProjects/HomeAlone/HomeAlone/Content/StarterContent/Materials/M_Wood_Floor_Walnut_Polished.uasset" 451
"../../../Engine/Content/Functions/Engine_MaterialFunctions01/Opacity/AlphaOffset.uasset" 452
"X:/devSpace/unrealProjects/HomeAlone/HomeAlone/Content/StarterContent/Materials/M_Wood_Floor_Walnut_Worn.uasset" 453
"X:/devSpace/unrealProjects/HomeAlone/HomeAlone/Content/StarterContent/Textures/T_Wood_Oak_D.uasset" 454
"X:/devSpace/unrealProjects/HomeAlone/HomeAlone/Content/StarterContent/Textures/T_Wood_Oak_N.uasset" 455
"X:/devSpace/unrealProjects/HomeAlone/HomeAlone/Content/StarterContent/Materials/M_Wood_Oak.uasset" 456
"X:/devSpace/unrealProjects/HomeAlone/HomeAlone/Content/StarterContent/Textures/T_Wood_Pine_D.uasset" 457
"X:/devSpace/unrealProjects/HomeAlone/HomeAlone/Content/StarterContent/Textures/T_Wood_Pine_N.uasset" 458
"X:/devSpace/unrealProjects/HomeAlone/HomeAlone/Content/StarterContent/Materials/M_Wood_Pine.uasset" 459
"X:/devSpace/unrealProjects/HomeAlone/HomeAlone/Content/StarterContent/Textures/T_Wood_Walnut_D.uasset" 460
"X:/devSpace/unrealProjects/HomeAlone/HomeAlone/Content/StarterContent/Textures/T_Wood_Walnut_N.uasset" 461
"X:/devSpace/unrealProjects/HomeAlone/HomeAlone/Content/StarterContent/Materials/M_Wood_Walnut.uasset" 462
"X:/devSpace/unrealProjects/HomeAlone/HomeAlone/Content/StarterContent/Architecture/Wall_400x200.uasset" 463
"X:/devSpace/unrealProjects/HomeAlone/HomeAlone/Content/StarterContent/Architecture/Wall_Door_400x300.uasset" 464
"X:/devSpace/unrealProjects/HomeAlone/HomeAlone/Content/StarterContent/Architecture/Wall_Window_400x300.uasset" 465
"X:/devSpace/unrealProjects/HomeAlone/HomeAlone/Content/StarterContent/Audio/Collapse_Cue.uasset" 466
"X:/devSpace/unrealProjects/HomeAlone/HomeAlone/Content/StarterContent/Audio/Starter_Music_Cue.uasset" 467
"X:/devSpace/unrealProjects/HomeAlone/HomeAlone/Content/StarterContent/Textures/T_Dust_Particle_D.uasset" 468
"X:/devSpace/unrealProjects/HomeAlone/HomeAlone/Content/StarterContent/Particles/Materials/M_Dust_Particle.uasset" 469
"X:/devSpace/unrealProjects/HomeAlone/HomeAlone/Content/StarterContent/Particles/P_Ambient_Dust.uasset" 470
"X:/devSpace/unrealProjects/HomeAlone/HomeAlone/Content/StarterContent/Props/MaterialSphere.uasset" 471
"X:/devSpace/unrealProjects/HomeAlone/HomeAlone/Content/StarterContent/Textures/T_Frame_M.uasset" 472
"X:/devSpace/unrealProjects/HomeAlone/HomeAlone/Content/StarterContent/Textures/T_Frame_N.uasset" 473
"X:/devSpace/unrealProjects/HomeAlone/HomeAlone/Content/StarterContent/Props/Materials/M_Frame.uasset" 474
"X:/devSpace/unrealProjects/HomeAlone/HomeAlone/Content/StarterContent/Props/SM_CornerFrame.uasset" 475
"X:/devSpace/unrealProjects/HomeAlone/HomeAlone/Content/StarterContent/Props/SM_DoorFrame.uasset" 476
"X:/devSpace/unrealProjects/HomeAlone/HomeAlone/Content/StarterContent/Props/SM_GlassWindow.uasset" 477
"X:/devSpace/unrealProjects/HomeAlone/HomeAlone/Content/StarterContent/Props/SM_PillarFrame.uasset" 478
"X:/devSpace/unrealProjects/HomeAlone/HomeAlone/Content/StarterContent/Props/SM_PillarFrame300.uasset" 479
"X:/devSpace/unrealProjects/HomeAlone/HomeAlone/Content/StarterContent/Props/SM_WindowFrame.uasset" 480
"X:/devSpace/unrealProjects/HomeAlone/HomeAlone/Content/StarterContent/Shapes/Shape_Cube.uasset" 481
"X:/devSpace/unrealProjects/HomeAlone/HomeAlone/Content/StarterContent/Shapes/Shape_QuadPyramid.uasset" 482
"X:/devSpace/unrealProjects/HomeAlone/HomeAlone/Content/StarterContent/Shapes/Shape_Sphere.uasset" 483
"X:/devSpace/unrealProjects/HomeAlone/HomeAlone/Content/StarterContent/Maps/StarterMap.umap" 484
"../../../Engine/Content/Maps/Entry_BuiltData.uasset" 485
"../../../Engine/Content/Maps/Entry.umap" 486
